C:\Program Files\MAXON\CINEMA 4D R13/plugins/ManagedPlugIn/win32\Bridge.dll
C:\Program Files\MAXON\CINEMA 4D R13/plugins/ManagedPlugIn/win32\Bridge.ilk
C:\Program Files\MAXON\CINEMA 4D R13/plugins/ManagedPlugIn/win32\Bridge.pdb
C:\PROGRAM FILES\MAXON\CINEMA 4D R13\PLUGINS\MANAGEDPLUGIN\WIN32\BRIDGE.DLL
C:\Program Files\MAXON\CINEMA 4D R13\plugins\ManagedPlugIn\win32\Bridge.exp
C:\PROGRAM FILES\MAXON\CINEMA 4D R13\PLUGINS\MANAGEDPLUGIN\WIN32\BRIDGE.ILK
C:\Program Files\MAXON\CINEMA 4D R13\plugins\ManagedPlugIn\win32\Bridge.lib
C:\PROGRAM FILES\MAXON\CINEMA 4D R13\PLUGINS\MANAGEDPLUGIN\WIN32\BRIDGE.PDB
C:\USERS\DOMINIK_UNI\HIWIJOB\BRANCHES\FUSEEMERGED\FUSEE\SRC\UNIPLUG\CINEMA4D\BRIDGE\DEBUG\.NETFRAMEWORK,VERSION=V4.0.ASSEMBLYATTRIBUTES.OBJ
C:\USERS\DOMINIK_UNI\HIWIJOB\BRANCHES\FUSEEMERGED\FUSEE\SRC\UNIPLUG\CINEMA4D\BRIDGE\DEBUG\BRIDGE.DLL.INTERMEDIATE.MANIFEST
C:\USERS\DOMINIK_UNI\HIWIJOB\BRANCHES\FUSEEMERGED\FUSEE\SRC\UNIPLUG\CINEMA4D\BRIDGE\DEBUG\BRIDGE.PCH
C:\USERS\DOMINIK_UNI\HIWIJOB\BRANCHES\FUSEEMERGED\FUSEE\SRC\UNIPLUG\CINEMA4D\BRIDGE\DEBUG\DLLMAIN.OBJ
C:\USERS\DOMINIK_UNI\HIWIJOB\BRANCHES\FUSEEMERGED\FUSEE\SRC\UNIPLUG\CINEMA4D\BRIDGE\DEBUG\PLUGINB.OBJ
C:\USERS\DOMINIK_UNI\HIWIJOB\BRANCHES\FUSEEMERGED\FUSEE\SRC\UNIPLUG\CINEMA4D\BRIDGE\DEBUG\STDAFX.OBJ
C:\USERS\DOMINIK_UNI\HIWIJOB\BRANCHES\FUSEEMERGED\FUSEE\SRC\UNIPLUG\CINEMA4D\BRIDGE\DEBUG\VC100.PDB
C:\Users\dsteffen\HiwiJob\GIT\Fusee\src\Uniplug\Cinema4D\Bridge\Debug\.NETFramework,Version=v4.0.AssemblyAttributes.obj
C:\Users\dsteffen\HiwiJob\GIT\Fusee\src\Uniplug\Cinema4D\Bridge\Debug\Bridge.dll.intermediate.manifest
C:\Users\dsteffen\HiwiJob\GIT\Fusee\src\Uniplug\Cinema4D\Bridge\Debug\Bridge.pch
C:\Users\dsteffen\HiwiJob\GIT\Fusee\src\Uniplug\Cinema4D\Bridge\Debug\Bridge.write.1.tlog
C:\Users\dsteffen\HiwiJob\GIT\Fusee\src\Uniplug\Cinema4D\Bridge\Debug\cl.command.1.tlog
C:\Users\dsteffen\HiwiJob\GIT\Fusee\src\Uniplug\Cinema4D\Bridge\Debug\CL.read.1.tlog
C:\Users\dsteffen\HiwiJob\GIT\Fusee\src\Uniplug\Cinema4D\Bridge\Debug\CL.write.1.tlog
C:\Users\dsteffen\HiwiJob\GIT\Fusee\src\Uniplug\Cinema4D\Bridge\Debug\dllmain.obj
C:\Users\dsteffen\HiwiJob\GIT\Fusee\src\Uniplug\Cinema4D\Bridge\Debug\link.1816.read.1.tlog
C:\Users\dsteffen\HiwiJob\GIT\Fusee\src\Uniplug\Cinema4D\Bridge\Debug\link.1816.write.1.tlog
C:\Users\dsteffen\HiwiJob\GIT\Fusee\src\Uniplug\Cinema4D\Bridge\Debug\link.command.1.tlog
C:\Users\dsteffen\HiwiJob\GIT\Fusee\src\Uniplug\Cinema4D\Bridge\Debug\link.read.1.tlog
C:\Users\dsteffen\HiwiJob\GIT\Fusee\src\Uniplug\Cinema4D\Bridge\Debug\link.write.1.tlog
C:\Users\dsteffen\HiwiJob\GIT\Fusee\src\Uniplug\Cinema4D\Bridge\Debug\mt.command.1.tlog
C:\Users\dsteffen\HiwiJob\GIT\Fusee\src\Uniplug\Cinema4D\Bridge\Debug\mt.read.1.tlog
C:\Users\dsteffen\HiwiJob\GIT\Fusee\src\Uniplug\Cinema4D\Bridge\Debug\mt.write.1.tlog
C:\Users\dsteffen\HiwiJob\GIT\Fusee\src\Uniplug\Cinema4D\Bridge\Debug\PluginB.obj
C:\Users\dsteffen\HiwiJob\GIT\Fusee\src\Uniplug\Cinema4D\Bridge\Debug\stdafx.obj
C:\Users\dsteffen\HiwiJob\GIT\Fusee\src\Uniplug\Cinema4D\Bridge\Debug\vc100.pdb
