C:\Program Files\MAXON\CINEMA 4D R13\resource\_api\c4d_baseobject.h(440): warning 325: Nested struct not currently supported (NgonNeighborSegment ignored)
C:\Program Files\MAXON\CINEMA 4D R13\resource\_api\c4d_gv\c4d_graphview_def.h(887): warning 314: 'in' is a C# keyword, renaming to '_in'
C:\Program Files\MAXON\CINEMA 4D R13\resource\_api\c4d_gv\c4d_graphview_def.h(888): warning 314: 'out' is a C# keyword, renaming to '_out'
D:\users\cm\Dev\Fusee\src\Uniplug\Cinema4D\Swig\C4dApi.i(906): warning 302: Identifier 'ModelingCommandData' redefined (ignored),
operatingsystem.swig.h(299): warning 302: previous definition of 'ModelingCommandData'.
C:\Program Files\MAXON\CINEMA 4D R13\resource\_api\c4d_general.h(229): warning 401: Base class 'GeListNode' undefined.
C:\Program Files\MAXON\CINEMA 4D R13\resource\_api\c4d_baselist.h(504): warning 401: 'GeListNode' must be defined before it is used as a base class.
include\lib_description.swig.h(192): warning 401: Base class 'iCustomDataType< DescID >' undefined.
D:\users\cm\Dev\Fusee\src\Uniplug\Cinema4D\Swig\C4dApi.i(914): warning 401: 'iCustomDataType< DescID >' must be defined before it is used as a base class.
include\lib_description.swig.h(361): warning 401: Nothing known about base class 'C4DLibrary'. Ignored.
include\c4d_basebitmap.swig.h(90): warning 401: Base class 'CustomDataType' undefined.
c4d_customdatatype.swig.h(33): warning 401: 'CustomDataType' must be defined before it is used as a base class.
include\c4d_basebitmap.swig.h(325): warning 402: Base class 'BasePlugin' is incomplete.
operatingsystem.swig.h(113): warning 402: Only forward declaration 'BasePlugin' was found.
include\c4d_basebitmap.swig.h(339): warning 402: Base class 'BasePlugin' is incomplete.
operatingsystem.swig.h(113): warning 402: Only forward declaration 'BasePlugin' was found.
C:\Program Files\MAXON\CINEMA 4D R13\resource\_api\c4d_nodedata.h(27): warning 401: Nothing known about base class 'BaseData'. Ignored.
C:\Program Files\MAXON\CINEMA 4D R13\resource\_api\c4d_commanddata.h(37): warning 401: Nothing known about base class 'BaseData'. Ignored.
include\lib_ca.swig.h(381): warning 401: Nothing known about base class 'DescriptionToolData'. Ignored.
C:\Program Files\MAXON\CINEMA 4D R13\resource\_api\c4d_gv\c4d_operatorplugin.h(18): warning 402: Base class 'NODEPLUGIN' is incomplete.
operatingsystem.swig.h(177): warning 402: Only forward declaration 'NODEPLUGIN' was found.
c4d_customdatatype.swig.h(51): warning 401: Nothing known about base class 'BaseData'. Ignored.
c4d_customdatatype.swig.h(103): warning 401: Nothing known about base class 'BaseData'. Ignored.
customgui_inexclude.swig.h(135): warning 401: Nothing known about base class 'BaseCustomGui< 1009290 >'. Ignored.
customgui_inexclude.swig.h(135): warning 401: Maybe you forgot to instantiate 'BaseCustomGui< 1009290 >' using %template.
customgui_inexclude.swig.h(153): warning 401: Nothing known about base class 'iBaseCustomGui'. Ignored.
customgui_inexclude.swig.h(165): warning 401: Nothing known about base class 'BaseCustomGuiLib'. Ignored.
include\lib_description.swig.h(188): warning 503: Can't wrap 'operator ==' unless renamed to a valid identifier.
include\lib_description.swig.h(189): warning 503: Can't wrap 'operator !=' unless renamed to a valid identifier.
include\lib_description.swig.h(209): warning 503: Can't wrap 'operator []' unless renamed to a valid identifier.
include\lib_description.swig.h(210): warning 503: Can't wrap 'operator =' unless renamed to a valid identifier.
include\lib_description.swig.h(211): warning 503: Can't wrap 'operator ==' unless renamed to a valid identifier.
include\lib_description.swig.h(212): warning 503: Can't wrap 'operator !=' unless renamed to a valid identifier.
include\lib_description.swig.h(213): warning 503: Can't wrap 'operator <<' unless renamed to a valid identifier.
include\c4d_basebitmap.swig.h(111): warning 503: Can't wrap 'operator =' unless renamed to a valid identifier.
include\c4d_basebitmap.swig.h(112): warning 503: Can't wrap 'operator ==' unless renamed to a valid identifier.
include\c4d_basebitmap.swig.h(113): warning 503: Can't wrap 'operator !=' unless renamed to a valid identifier.
include\c4d_basebitmap.swig.h(199): warning 516: Overloaded method BaseBitmap::GetInternalChannel() ignored,
include\c4d_basebitmap.swig.h(198): warning 516: using BaseBitmap::GetInternalChannel() const instead.
include\c4d_basebitmap.swig.h(202): warning 516: Overloaded method BaseBitmap::GetChannelNum(LONG) ignored,
include\c4d_basebitmap.swig.h(201): warning 516: using BaseBitmap::GetChannelNum(LONG) const instead.
include\c4d_basebitmap.swig.h(219): warning 516: Overloaded method BaseBitmap::GetUpdateRegionBitmap() const ignored,
include\c4d_basebitmap.swig.h(218): warning 516: using BaseBitmap::GetUpdateRegionBitmap() instead.
include\c4d_gedata.swig.h(114): warning 516: Overloaded method GeData::GeData(LONG) ignored,
include\c4d_gedata.swig.h(94): warning 516: using GeData::GeData(int) instead.
include\c4d_gedata.swig.h(94): warning 516: Overloaded method GeData::GeData(int) ignored,
include\c4d_gedata.swig.h(114): warning 516: using GeData::GeData(LONG) instead.
include\c4d_gedata.swig.h(230): warning 503: Can't wrap 'operator =' unless renamed to a valid identifier.
include\c4d_gedata.swig.h(235): warning 503: Can't wrap 'operator ==' unless renamed to a valid identifier.
include\c4d_gedata.swig.h(240): warning 503: Can't wrap 'operator !=' unless renamed to a valid identifier.
C:\Program Files\MAXON\CINEMA 4D R13\resource\_api\c4d_baselist.h(584): warning 516: Overloaded method BaseList2D::GetDataInstance() ignored,
C:\Program Files\MAXON\CINEMA 4D R13\resource\_api\c4d_baselist.h(583): warning 516: using BaseList2D::GetDataInstance() const instead.
C:\Program Files\MAXON\CINEMA 4D R13\resource\_api\c4d_baseobject.h(39): warning 503: Can't wrap 'operator []' unless renamed to a valid identifier.
C:\Program Files\MAXON\CINEMA 4D R13\resource\_api\c4d_basecontainer.h(59): warning 503: Can't wrap 'operator =' unless renamed to a valid identifier.
C:\Program Files\MAXON\CINEMA 4D R13\resource\_api\c4d_basecontainer.h(83): warning 503: Can't wrap 'operator ==' unless renamed to a valid identifier.
C:\Program Files\MAXON\CINEMA 4D R13\resource\_api\c4d_basecontainer.h(84): warning 503: Can't wrap 'operator !=' unless renamed to a valid identifier.
C:\Program Files\MAXON\CINEMA 4D R13\resource\_api\c4d_commanddata.h(38): warning 514: Director base class CommandData has no virtual destructor.
include\lib_ca.swig.h(382): warning 514: Director base class BrushToolData has no virtual destructor.
C:\Program Files\MAXON\CINEMA 4D R13\resource\_api\c4d_nodedata.h(41): warning 473: Returning a pointer or reference in a director method is not recommended.
C:\Program Files\MAXON\CINEMA 4D R13\resource\_api\c4d_objectdata.h(89): warning 473: Returning a pointer or reference in a director method is not recommended.
C:\Program Files\MAXON\CINEMA 4D R13\resource\_api\c4d_objectdata.h(96): warning 473: Returning a pointer or reference in a director method is not recommended.
